<?xml version="1.0" encoding="UTF-8"?>
<!-- Generated by org.testng.reporters.JUnitXMLReporter -->
<testsuite hostname="wjn" name="shezhi_zhandian" tests="53" failures="5" timestamp="12 Dec 2017 07:30:14 GMT" time="1022.165" errors="0">
  <testcase name="testdianji" time="15.742" classname="kuangjia_houtai_test.shezhi_zhandianTest"/>
  <testcase name="testxiugai" time="14.806" classname="kuangjia_houtai_test.shezhi_zhandianTest">
    <failure type="java.lang.AssertionError" message="expected [true] but found [false]">
      <![CDATA[java.lang.AssertionError: expected [true] but found [false]
	at kuangjia_houtai_test.shezhi_zhandianTest.testxiugai(shezhi_zhandianTest.java:65)
... Removed 27 stack frames]]>
    </failure>
  </testcase> <!-- testxiugai -->
  <testcase name="testbeizhushuru" time="20.07" classname="kuangjia_houtai_test.shezhi_zhandianTest"/>
  <testcase name="testxiugaishuru" time="14.475" classname="kuangjia_houtai_test.shezhi_zhandianTest"/>
  <testcase name="testbeizhu" time="14.475" classname="kuangjia_houtai_test.shezhi_zhandianTest"/>
  <testcase name="testbeifen" time="18.803" classname="kuangjia_houtai_test.shezhi_zhandianTest"/>
  <testcase name="testhuitie_bt" time="0.0" classname="kuangjia_qiantai_test.bianji_sjqdTest">
    <skipped/>
  </testcase> <!-- testhuitie_bt -->
  <testcase name="testshuru" time="16.363" classname="kuangjia_qiantai_test.liuyanTest"/>
  <testcase name="testjieshou" time="13.386" classname="kuangjia_qiantai_test.liuyanTest"/>
  <testcase name="testkejian" time="13.118" classname="kuangjia_qiantai_test.liuyanTest"/>
  <testcase name="testdianji" time="10.01" classname="kuangjia_qiantai_test.liuyanTest"/>
  <testcase name="testneirong" time="18.411" classname="kuangjia_qiantai_test.liuyanTest"/>
  <testcase name="testliuyan_sjqd" time="0.0" classname="kuangjia_qiantai_test.liuyanTest">
    <skipped/>
  </testcase> <!-- testliuyan_sjqd -->
  <testcase name="testhuitie_bj" time="29.762" classname="kuangjia_qiantai_test.luntanTest"/>
  <testcase name="testdianji_ht_k" time="15.838" classname="kuangjia_qiantai_test.luntanTest">
    <failure type="org.openqa.selenium.NoSuchFrameException" message="Unable to locate frame: undefined
Build info: version: &amp;apos;3.6.0&amp;apos;, revision: &amp;apos;6fbf3ec767&amp;apos;, time: &amp;apos;2017-09-27T16:15:40.131Z&amp;apos;
System info: host: &amp;apos;WJN&amp;apos;, ip: &amp;apos;172.27.35.1&amp;apos;, os.name: &amp;apos;Windows 8.1&amp;apos;, os.arch: &amp;apos;amd64&amp;apos;, os.version: &amp;apos;6.3&amp;apos;, java.version: &amp;apos;1.8.0_121&amp;apos;
Driver info: org.openqa.selenium.firefox.FirefoxDriver
Capabilities [{moz:profile=C:\Users\wjn1121\AppData\Local\Temp\rust_mozprofile.fVaVRDE0VpUb, rotatable=false, timeouts={implicit=0, pageLoad=300000, script=30000}, pageLoadStrategy=normal, platform=XP, specificationLevel=0, moz:accessibilityChecks=false, acceptInsecureCerts=true, browserVersion=55.0.3, platformVersion=6.3, moz:processID=14320, browserName=firefox, javascriptEnabled=true, platformName=XP}]
Session ID: 8b52bd9a-f7f2-4b72-8c9e-ae72a7e75ef4">
      <![CDATA[org.openqa.selenium.NoSuchFrameException: Unable to locate frame: undefined
Build info: version: '3.6.0', revision: '6fbf3ec767', time: '2017-09-27T16:15:40.131Z'
System info: host: 'WJN', ip: '172.27.35.1', os.name: 'Windows 8.1', os.arch: 'amd64', os.version: '6.3', java.version: '1.8.0_121'
Driver info: org.openqa.selenium.firefox.FirefoxDriver
Capabilities [{moz:profile=C:\Users\wjn1121\AppData\Local\Temp\rust_mozprofile.fVaVRDE0VpUb, rotatable=false, timeouts={implicit=0, pageLoad=300000, script=30000}, pageLoadStrategy=normal, platform=XP, specificationLevel=0, moz:accessibilityChecks=false, acceptInsecureCerts=true, browserVersion=55.0.3, platformVersion=6.3, moz:processID=14320, browserName=firefox, javascriptEnabled=true, platformName=XP}]
Session ID: 8b52bd9a-f7f2-4b72-8c9e-ae72a7e75ef4
	at org.openqa.selenium.remote.http.W3CHttpResponseCodec.createException(W3CHttpResponseCodec.java:185)
	at org.openqa.selenium.remote.http.W3CHttpResponseCodec.decode(W3CHttpResponseCodec.java:120)
	at org.openqa.selenium.remote.http.W3CHttpResponseCodec.decode(W3CHttpResponseCodec.java:49)
	at org.openqa.selenium.remote.HttpCommandExecutor.execute(HttpCommandExecutor.java:164)
	at org.openqa.selenium.remote.service.DriverCommandExecutor.execute(DriverCommandExecutor.java:83)
	at org.openqa.selenium.remote.RemoteWebDriver.execute(RemoteWebDriver.java:586)
	at org.openqa.selenium.remote.RemoteWebDriver$RemoteTargetLocator.frame(RemoteWebDriver.java:912)
	at com.webtest.core.WebDriverEngine.enterFrame(WebDriverEngine.java:63)
	at kuangjia_qiantai_action.luntan.dianji_ht_k(luntan.java:70)
	at kuangjia_qiantai_test.luntanTest.testdianji_ht_k(luntanTest.java:58)
... Removed 27 stack frames]]>
    </failure>
  </testcase> <!-- testdianji_ht_k -->
  <testcase name="testhuitie_bt" time="26.598" classname="kuangjia_qiantai_test.luntanTest"/>
  <testcase name="testhuitie_zdtl" time="33.577" classname="kuangjia_qiantai_test.luntanTest"/>
  <testcase name="testdianji_ht" time="15.58" classname="kuangjia_qiantai_test.luntanTest">
    <failure type="org.openqa.selenium.NoSuchFrameException" message="Unable to locate frame: undefined
Build info: version: &amp;apos;3.6.0&amp;apos;, revision: &amp;apos;6fbf3ec767&amp;apos;, time: &amp;apos;2017-09-27T16:15:40.131Z&amp;apos;
System info: host: &amp;apos;WJN&amp;apos;, ip: &amp;apos;172.27.35.1&amp;apos;, os.name: &amp;apos;Windows 8.1&amp;apos;, os.arch: &amp;apos;amd64&amp;apos;, os.version: &amp;apos;6.3&amp;apos;, java.version: &amp;apos;1.8.0_121&amp;apos;
Driver info: org.openqa.selenium.firefox.FirefoxDriver
Capabilities [{moz:profile=C:\Users\wjn1121\AppData\Local\Temp\rust_mozprofile.fVaVRDE0VpUb, rotatable=false, timeouts={implicit=0, pageLoad=300000, script=30000}, pageLoadStrategy=normal, platform=XP, specificationLevel=0, moz:accessibilityChecks=false, acceptInsecureCerts=true, browserVersion=55.0.3, platformVersion=6.3, moz:processID=14320, browserName=firefox, javascriptEnabled=true, platformName=XP}]
Session ID: 8b52bd9a-f7f2-4b72-8c9e-ae72a7e75ef4">
      <![CDATA[org.openqa.selenium.NoSuchFrameException: Unable to locate frame: undefined
Build info: version: '3.6.0', revision: '6fbf3ec767', time: '2017-09-27T16:15:40.131Z'
System info: host: 'WJN', ip: '172.27.35.1', os.name: 'Windows 8.1', os.arch: 'amd64', os.version: '6.3', java.version: '1.8.0_121'
Driver info: org.openqa.selenium.firefox.FirefoxDriver
Capabilities [{moz:profile=C:\Users\wjn1121\AppData\Local\Temp\rust_mozprofile.fVaVRDE0VpUb, rotatable=false, timeouts={implicit=0, pageLoad=300000, script=30000}, pageLoadStrategy=normal, platform=XP, specificationLevel=0, moz:accessibilityChecks=false, acceptInsecureCerts=true, browserVersion=55.0.3, platformVersion=6.3, moz:processID=14320, browserName=firefox, javascriptEnabled=true, platformName=XP}]
Session ID: 8b52bd9a-f7f2-4b72-8c9e-ae72a7e75ef4
	at org.openqa.selenium.remote.http.W3CHttpResponseCodec.createException(W3CHttpResponseCodec.java:185)
	at org.openqa.selenium.remote.http.W3CHttpResponseCodec.decode(W3CHttpResponseCodec.java:120)
	at org.openqa.selenium.remote.http.W3CHttpResponseCodec.decode(W3CHttpResponseCodec.java:49)
	at org.openqa.selenium.remote.HttpCommandExecutor.execute(HttpCommandExecutor.java:164)
	at org.openqa.selenium.remote.service.DriverCommandExecutor.execute(DriverCommandExecutor.java:83)
	at org.openqa.selenium.remote.RemoteWebDriver.execute(RemoteWebDriver.java:586)
	at org.openqa.selenium.remote.RemoteWebDriver$RemoteTargetLocator.frame(RemoteWebDriver.java:912)
	at com.webtest.core.WebDriverEngine.enterFrame(WebDriverEngine.java:63)
	at kuangjia_qiantai_action.luntan.dianji_ht(luntan.java:32)
	at kuangjia_qiantai_test.luntanTest.testdianji_ht(luntanTest.java:42)
... Removed 27 stack frames]]>
    </failure>
  </testcase> <!-- testdianji_ht -->
  <testcase name="testdianji_ht_sjqd" time="0.0" classname="kuangjia_qiantai_test.luntanTest">
    <skipped/>
  </testcase> <!-- testdianji_ht_sjqd -->
  <testcase name="testdianji" time="9.655" classname="kuangjia_qiantai_test.luntanTest"/>
  <testcase name="testhuitie_tz" time="26.636" classname="kuangjia_qiantai_test.luntanTest"/>
  <testcase name="testdianji_ll" time="24.082" classname="kuangjia_qiantai_test.luntanTest"/>
  <testcase name="login1" time="3.749" classname="yuansheng_houtai_action.chanpin_tianjiaTest"/>
  <testcase name="tianjia" time="0.0" classname="yuansheng_houtai_action.chanpin_tianjiaTest">
    <skipped/>
  </testcase> <!-- tianjia -->
  <testcase name="testbianji" time="9.73" classname="yuansheng_houtai_action.chanpinTest"/>
  <testcase name="testbuju" time="8.919" classname="yuansheng_houtai_action.chanpinTest"/>
  <testcase name="testbuju_s" time="14.506" classname="yuansheng_houtai_action.chanpinTest"/>
  <testcase name="testchanpin" time="42.145" classname="yuansheng_houtai_action.chanpinTest">
    <failure type="java.lang.AssertionError" message="expected [true] but found [false]">
      <![CDATA[java.lang.AssertionError: expected [true] but found [false]
	at yuansheng_houtai_action.chanpinTest.testchanpin(chanpinTest.java:58)
... Removed 27 stack frames]]>
    </failure>
  </testcase> <!-- testchanpin -->
  <testcase name="testfanhui" time="12.015" classname="yuansheng_houtai_action.chanpinTest"/>
  <testcase name="testfujian" time="8.925" classname="yuansheng_houtai_action.chanpinTest"/>
  <testcase name="testgdshanc" time="9.333" classname="yuansheng_houtai_action.chanpinTest"/>
  <testcase name="testgengduo" time="6.881" classname="yuansheng_houtai_action.chanpinTest"/>
  <testcase name="testsousuo" time="9.512" classname="yuansheng_houtai_action.chanpinTest"/>
  <testcase name="testtupian" time="9.116" classname="yuansheng_houtai_action.chanpinTest"/>
  <testcase name="daifahuo" time="8.804" classname="yuansheng_houtai_action.dingdan_jifenTest"/>
  <testcase name="jifen" time="7.59" classname="yuansheng_houtai_action.dingdan_jifenTest"/>
  <testcase name="testdaif" time="7.937" classname="yuansheng_houtai_action.dingdan_shangpinTest"/>
  <testcase name="testdaish" time="7.871" classname="yuansheng_houtai_action.dingdan_shangpinTest"/>
  <testcase name="testgaij" time="10.719" classname="yuansheng_houtai_action.dingdan_shangpinTest"/>
  <testcase name="testgaijs" time="13.67" classname="yuansheng_houtai_action.dingdan_shangpinTest"/>
  <testcase name="testshanc" time="11.205" classname="yuansheng_houtai_action.dingdan_shangpinTest"/>
  <testcase name="testxiangq" time="10.733" classname="yuansheng_houtai_action.dingdan_shangpinTest"/>
  <testcase name="kuaidi" time="14.347" classname="yuansheng_houtai_action.shezhi_kuaidiTest">
    <failure type="org.openqa.selenium.NoSuchElementException" message="Unable to locate element: //input[@name=&amp;apos;children[1]&amp;apos;]
For documentation on this error, please visit: http://seleniumhq.org/exceptions/no_such_element.html
Build info: version: &amp;apos;3.6.0&amp;apos;, revision: &amp;apos;6fbf3ec767&amp;apos;, time: &amp;apos;2017-09-27T16:15:40.131Z&amp;apos;
System info: host: &amp;apos;WJN&amp;apos;, ip: &amp;apos;172.27.35.1&amp;apos;, os.name: &amp;apos;Windows 8.1&amp;apos;, os.arch: &amp;apos;amd64&amp;apos;, os.version: &amp;apos;6.3&amp;apos;, java.version: &amp;apos;1.8.0_121&amp;apos;
Driver info: org.openqa.selenium.firefox.FirefoxDriver
Capabilities [{moz:profile=C:\Users\wjn1121\AppData\Local\Temp\rust_mozprofile.L5otOXaU65Vj, rotatable=false, timeouts={implicit=0, pageLoad=300000, script=30000}, pageLoadStrategy=normal, platform=XP, specificationLevel=0, moz:accessibilityChecks=false, acceptInsecureCerts=true, browserVersion=55.0.3, platformVersion=6.3, moz:processID=9720, browserName=firefox, javascriptEnabled=true, platformName=XP}]
Session ID: a533acff-aeb4-450b-ab60-7324dfcc70e2
*** Element info: {Using=xpath, value=//input[@name=&amp;apos;children[1]&amp;apos;]}">
      <![CDATA[org.openqa.selenium.NoSuchElementException: Unable to locate element: //input[@name='children[1]']
For documentation on this error, please visit: http://seleniumhq.org/exceptions/no_such_element.html
Build info: version: '3.6.0', revision: '6fbf3ec767', time: '2017-09-27T16:15:40.131Z'
System info: host: 'WJN', ip: '172.27.35.1', os.name: 'Windows 8.1', os.arch: 'amd64', os.version: '6.3', java.version: '1.8.0_121'
Driver info: org.openqa.selenium.firefox.FirefoxDriver
Capabilities [{moz:profile=C:\Users\wjn1121\AppData\Local\Temp\rust_mozprofile.L5otOXaU65Vj, rotatable=false, timeouts={implicit=0, pageLoad=300000, script=30000}, pageLoadStrategy=normal, platform=XP, specificationLevel=0, moz:accessibilityChecks=false, acceptInsecureCerts=true, browserVersion=55.0.3, platformVersion=6.3, moz:processID=9720, browserName=firefox, javascriptEnabled=true, platformName=XP}]
Session ID: a533acff-aeb4-450b-ab60-7324dfcc70e2
*** Element info: {Using=xpath, value=//input[@name='children[1]']}
	at org.openqa.selenium.remote.http.W3CHttpResponseCodec.createException(W3CHttpResponseCodec.java:185)
	at org.openqa.selenium.remote.http.W3CHttpResponseCodec.decode(W3CHttpResponseCodec.java:120)
	at org.openqa.selenium.remote.http.W3CHttpResponseCodec.decode(W3CHttpResponseCodec.java:49)
	at org.openqa.selenium.remote.HttpCommandExecutor.execute(HttpCommandExecutor.java:164)
	at org.openqa.selenium.remote.service.DriverCommandExecutor.execute(DriverCommandExecutor.java:83)
	at org.openqa.selenium.remote.RemoteWebDriver.execute(RemoteWebDriver.java:586)
	at org.openqa.selenium.remote.RemoteWebDriver.findElement(RemoteWebDriver.java:356)
	at org.openqa.selenium.remote.RemoteWebDriver.findElementByXPath(RemoteWebDriver.java:458)
	at org.openqa.selenium.By$ByXPath.findElement(By.java:361)
	at org.openqa.selenium.remote.RemoteWebDriver.findElement(RemoteWebDriver.java:348)
	at org.openqa.selenium.support.pagefactory.DefaultElementLocator.findElement(DefaultElementLocator.java:69)
	at org.openqa.selenium.support.pagefactory.internal.LocatingElementHandler.invoke(LocatingElementHandler.java:38)
	at com.sun.proxy.$Proxy27.sendKeys(Unknown Source)
	at yuansheng_houtai_action.shezhi_kuaidi.shuru(shezhi_kuaidi.java:39)
	at yuansheng_houtai_action.shezhi_kuaidiTest.kuaidi(shezhi_kuaidiTest.java:22)
... Removed 26 stack frames]]>
    </failure>
  </testcase> <!-- kuaidi -->
  <testcase name="kucunclose" time="14.366" classname="yuansheng_houtai_action.shezhi_shezhiTest"/>
  <testcase name="kucunopen" time="14.619" classname="yuansheng_houtai_action.shezhi_shezhiTest"/>
  <testcase name="method" time="14.984" classname="yuansheng_houtai_action.shezhi_shezhiTest"/>
  <testcase name="money" time="20.767" classname="yuansheng_houtai_action.shezhi_shezhiTest"/>
  <testcase name="shezhiTestfail" time="14.425" classname="yuansheng_houtai_action.shezhi_shezhiTest"/>
  <testcase name="shezhiTestsuccess" time="14.37" classname="yuansheng_houtai_action.shezhi_shezhiTest"/>
  <testcase name="time" time="14.528" classname="yuansheng_houtai_action.shezhi_shezhiTest"/>
  <testcase name="dianji" time="8.836" classname="yuansheng_houtai_action.tuiguang_guanjianciTest"/>
  <testcase name="login1" time="3.635" classname="yuansheng_houtai_action.tuiguang_guanjianciTest"/>
  <testcase name="tianjia" time="0.0" classname="yuansheng_houtai_action.tuiguang_guanjianciTest">
    <skipped/>
  </testcase> <!-- tianjia -->
</testsuite> <!-- shezhi_zhandian -->
